<?xml version="1.0" encoding="UTF-8" ?>
<testsuite 
errors="0" failures="0" hostname="MacBook-Pro-van-Yoshi.local" name="samples.ExampleSpec" tests="2" time="0.014" timestamp="2019-08-18T15:40:14">
  <properties>
[...]
</properties>
  <testcase 
  name="An ArrayStack should pop values in last-in-first-out order" classname="samples.ExampleSpec" time="0.007">
</testcase>
  <testcase 
  name="An ArrayStack should throw RuntimeException if an empty array stack is popped" classname="samples.ExampleSpec" time="0.001">
</testcase>
  <system-out><![CDATA[]]></system-out>
  <system-err><![CDATA[]]></system-err>
</testsuite>
