<?xml version="1.0" encoding="UTF-8" ?>
<testsuite 
errors="0" failures="2" hostname="MacBook-Pro-van-Yoshi.local" name="intro.PatternMatchingTest" tests="4" time="0.002" timestamp="2019-08-18T15:40:14">
  <properties>
[...]
</properties>
  <testcase name="Sum" classname="intro.PatternMatchingTest" time="0.001">
  </testcase>
  <testcase 
  name="Optional sum" classname="intro.PatternMatchingTest" time="0.0">
</testcase>
  <testcase 
  name="FirstDivBy example" classname="intro.PatternMatchingTest" time="0.0">
    <failure 
    message="an implementation is missing" type="class scala.NotImplementedError">
      scala.NotImplementedError: an implementation is missing
      at scala.Predef$.$qmark$qmark$qmark(Predef.scala:284)
      at intro.PatternMatching$.firstDivByX(PatternMatching.scala:72)
      at intro.PatternMatchingTest.$anonfun$new$3(PatternMatchingTest.scala:22)
      at org.scalatest.OutcomeOf.outcomeOf(OutcomeOf.scala:85)
      at org.scalatest.OutcomeOf.outcomeOf$(OutcomeOf.scala:83)
      at org.scalatest.OutcomeOf$.outcomeOf(OutcomeOf.scala:104)
      at org.scalatest.Transformer.apply(Transformer.scala:22)
      at org.scalatest.Transformer.apply(Transformer.scala:20)
      at org.scalatest.FunSuiteLike$$anon$1.apply(FunSuiteLike.scala:186)
      at org.scalatest.TestSuite.withFixture(TestSuite.scala:196)
      at org.scalatest.TestSuite.withFixture$(TestSuite.scala:195)
      at org.scalatest.FunSuite.withFixture(FunSuite.scala:1560)
      at org.scalatest.FunSuiteLike.invokeWithFixture$1(FunSuiteLike.scala:184)
      at org.scalatest.FunSuiteLike.$anonfun$runTest$1(FunSuiteLike.scala:196)
      at org.scalatest.SuperEngine.runTestImpl(Engine.scala:289)
      at org.scalatest.FunSuiteLike.runTest(FunSuiteLike.scala:196)
      at org.scalatest.FunSuiteLike.runTest$(FunSuiteLike.scala:178)
      at org.scalatest.FunSuite.runTest(FunSuite.scala:1560)
      at org.scalatest.FunSuiteLike.$anonfun$runTests$1(FunSuiteLike.scala:229)
      at org.scalatest.SuperEngine.$anonfun$runTestsInBranch$1(Engine.scala:396)
      at scala.collection.immutable.List.foreach(List.scala:389)
      at org.scalatest.SuperEngine.traverseSubNodes$1(Engine.scala:384)
      at org.scalatest.SuperEngine.runTestsInBranch(Engine.scala:379)
      at org.scalatest.SuperEngine.runTestsImpl(Engine.scala:461)
      at org.scalatest.FunSuiteLike.runTests(FunSuiteLike.scala:229)
      at org.scalatest.FunSuiteLike.runTests$(FunSuiteLike.scala:228)
      at org.scalatest.FunSuite.runTests(FunSuite.scala:1560)
      at org.scalatest.Suite.run(Suite.scala:1147)
      at org.scalatest.Suite.run$(Suite.scala:1129)
      at org.scalatest.FunSuite.org$scalatest$FunSuiteLike$$super$run(FunSuite.scala:1560)
      at org.scalatest.FunSuiteLike.$anonfun$run$1(FunSuiteLike.scala:233)
      at org.scalatest.SuperEngine.runImpl(Engine.scala:521)
      at org.scalatest.FunSuiteLike.run(FunSuiteLike.scala:233)
      at org.scalatest.FunSuiteLike.run$(FunSuiteLike.scala:232)
      at org.scalatest.FunSuite.run(FunSuite.scala:1560)
      at org.scalatest.Suite.callExecuteOnSuite$1(Suite.scala:1210)
      at org.scalatest.Suite.$anonfun$runNestedSuites$1(Suite.scala:1257)
      at scala.collection.IndexedSeqOptimized.foreach(IndexedSeqOptimized.scala:32)
      at scala.collection.IndexedSeqOptimized.foreach$(IndexedSeqOptimized.scala:29)
      at scala.collection.mutable.ArrayOps$ofRef.foreach(ArrayOps.scala:194)
      at org.scalatest.Suite.runNestedSuites(Suite.scala:1255)
      at org.scalatest.Suite.runNestedSuites$(Suite.scala:1189)
      at org.scalatest.tools.DiscoverySuite.runNestedSuites(DiscoverySuite.scala:30)
      at org.scalatest.Suite.run(Suite.scala:1144)
      at org.scalatest.Suite.run$(Suite.scala:1129)
      at org.scalatest.tools.DiscoverySuite.run(DiscoverySuite.scala:30)
      at org.scalatest.tools.SuiteRunner.run(SuiteRunner.scala:45)
      at org.scalatest.tools.Runner$.$anonfun$doRunRunRunDaDoRunRun$13(Runner.scala:1346)
      at org.scalatest.tools.Runner$.$anonfun$doRunRunRunDaDoRunRun$13$adapted(Runner.scala:1340)
      at scala.collection.immutable.List.foreach(List.scala:389)
      at org.scalatest.tools.Runner$.doRunRunRunDaDoRunRun(Runner.scala:1340)
      at org.scalatest.tools.Runner$.$anonfun$runOptionallyWithPassFailReporter$24(Runner.scala:1031)
      at org.scalatest.tools.Runner$.$anonfun$runOptionallyWithPassFailReporter$24$adapted(Runner.scala:1010)
      at org.scalatest.tools.Runner$.withClassLoaderAndDispatchReporter(Runner.scala:1506)
      at org.scalatest.tools.Runner$.runOptionallyWithPassFailReporter(Runner.scala:1010)
      at org.scalatest.tools.Runner$.main(Runner.scala:827)
      at org.scalatest.tools.Runner.main(Runner.scala)
</failure>
</testcase>
  <testcase 
  name="EvenNumbers example" classname="intro.PatternMatchingTest" time="0.0">
    <failure 
    message="an implementation is missing" type="class scala.NotImplementedError">
      scala.NotImplementedError: an implementation is missing
      at scala.Predef$.$qmark$qmark$qmark(Predef.scala:284)
      at intro.PatternMatching$.onlyEvenNumbers(PatternMatching.scala:80)
      at intro.PatternMatchingTest.$anonfun$new$4(PatternMatchingTest.scala:28)
      at org.scalatest.OutcomeOf.outcomeOf(OutcomeOf.scala:85)
      at org.scalatest.OutcomeOf.outcomeOf$(OutcomeOf.scala:83)
      at org.scalatest.OutcomeOf$.outcomeOf(OutcomeOf.scala:104)
      at org.scalatest.Transformer.apply(Transformer.scala:22)
      at org.scalatest.Transformer.apply(Transformer.scala:20)
      at org.scalatest.FunSuiteLike$$anon$1.apply(FunSuiteLike.scala:186)
      at org.scalatest.TestSuite.withFixture(TestSuite.scala:196)
      at org.scalatest.TestSuite.withFixture$(TestSuite.scala:195)
      at org.scalatest.FunSuite.withFixture(FunSuite.scala:1560)
      at org.scalatest.FunSuiteLike.invokeWithFixture$1(FunSuiteLike.scala:184)
      at org.scalatest.FunSuiteLike.$anonfun$runTest$1(FunSuiteLike.scala:196)
      at org.scalatest.SuperEngine.runTestImpl(Engine.scala:289)
      at org.scalatest.FunSuiteLike.runTest(FunSuiteLike.scala:196)
      at org.scalatest.FunSuiteLike.runTest$(FunSuiteLike.scala:178)
      at org.scalatest.FunSuite.runTest(FunSuite.scala:1560)
      at org.scalatest.FunSuiteLike.$anonfun$runTests$1(FunSuiteLike.scala:229)
      at org.scalatest.SuperEngine.$anonfun$runTestsInBranch$1(Engine.scala:396)
      at scala.collection.immutable.List.foreach(List.scala:389)
      at org.scalatest.SuperEngine.traverseSubNodes$1(Engine.scala:384)
      at org.scalatest.SuperEngine.runTestsInBranch(Engine.scala:379)
      at org.scalatest.SuperEngine.runTestsImpl(Engine.scala:461)
      at org.scalatest.FunSuiteLike.runTests(FunSuiteLike.scala:229)
      at org.scalatest.FunSuiteLike.runTests$(FunSuiteLike.scala:228)
      at org.scalatest.FunSuite.runTests(FunSuite.scala:1560)
      at org.scalatest.Suite.run(Suite.scala:1147)
      at org.scalatest.Suite.run$(Suite.scala:1129)
      at org.scalatest.FunSuite.org$scalatest$FunSuiteLike$$super$run(FunSuite.scala:1560)
      at org.scalatest.FunSuiteLike.$anonfun$run$1(FunSuiteLike.scala:233)
      at org.scalatest.SuperEngine.runImpl(Engine.scala:521)
      at org.scalatest.FunSuiteLike.run(FunSuiteLike.scala:233)
      at org.scalatest.FunSuiteLike.run$(FunSuiteLike.scala:232)
      at org.scalatest.FunSuite.run(FunSuite.scala:1560)
      at org.scalatest.Suite.callExecuteOnSuite$1(Suite.scala:1210)
      at org.scalatest.Suite.$anonfun$runNestedSuites$1(Suite.scala:1257)
      at scala.collection.IndexedSeqOptimized.foreach(IndexedSeqOptimized.scala:32)
      at scala.collection.IndexedSeqOptimized.foreach$(IndexedSeqOptimized.scala:29)
      at scala.collection.mutable.ArrayOps$ofRef.foreach(ArrayOps.scala:194)
      at org.scalatest.Suite.runNestedSuites(Suite.scala:1255)
      at org.scalatest.Suite.runNestedSuites$(Suite.scala:1189)
      at org.scalatest.tools.DiscoverySuite.runNestedSuites(DiscoverySuite.scala:30)
      at org.scalatest.Suite.run(Suite.scala:1144)
      at org.scalatest.Suite.run$(Suite.scala:1129)
      at org.scalatest.tools.DiscoverySuite.run(DiscoverySuite.scala:30)
      at org.scalatest.tools.SuiteRunner.run(SuiteRunner.scala:45)
      at org.scalatest.tools.Runner$.$anonfun$doRunRunRunDaDoRunRun$13(Runner.scala:1346)
      at org.scalatest.tools.Runner$.$anonfun$doRunRunRunDaDoRunRun$13$adapted(Runner.scala:1340)
      at scala.collection.immutable.List.foreach(List.scala:389)
      at org.scalatest.tools.Runner$.doRunRunRunDaDoRunRun(Runner.scala:1340)
      at org.scalatest.tools.Runner$.$anonfun$runOptionallyWithPassFailReporter$24(Runner.scala:1031)
      at org.scalatest.tools.Runner$.$anonfun$runOptionallyWithPassFailReporter$24$adapted(Runner.scala:1010)
      at org.scalatest.tools.Runner$.withClassLoaderAndDispatchReporter(Runner.scala:1506)
      at org.scalatest.tools.Runner$.runOptionallyWithPassFailReporter(Runner.scala:1010)
      at org.scalatest.tools.Runner$.main(Runner.scala:827)
      at org.scalatest.tools.Runner.main(Runner.scala)
</failure>
</testcase>
  <system-out><![CDATA[]]></system-out>
  <system-err><![CDATA[]]></system-err>
</testsuite>
